[2024-05-14 14:41:47] [ INFO ] [Main:12] Empezamos nuestro metodo MAIN
[2024-05-14 14:41:47] [ ERROR] [Main:17] Error por dividir por cero 
java.lang.ArithmeticException: / by zero
	at com.backend.parcial.Main.main(Main.java:15)
[2024-05-14 14:41:47] [ WARN ] [Main:19] Advertencia el metodo MAIN esta por finalizar
[2024-05-14 14:41:47] [ INFO ] [Main:21] Finalizamos el thread MAIN
[2024-05-14 15:26:47] [ ERROR] [Main:44] class java.lang.ClassNotFoundException : org.h2.Driver
[2024-05-14 15:26:47] [ ERROR] [Main:50] Cannot invoke "java.sql.Connection.close()" because "connection" is null
[2024-05-14 15:27:34] [ INFO ] [Main:29] Animal: 1 - Perro
[2024-05-14 15:27:34] [ INFO ] [Main:29] Animal: 2 - Vaca
[2024-05-14 15:27:34] [ INFO ] [Main:29] Animal: 3 - Perro
[2024-05-14 15:27:34] [ INFO ] [Main:29] Animal: 4 - Sapo
[2024-05-14 15:27:34] [ INFO ] [Main:29] Animal: 5 - Loro
[2024-05-14 15:27:34] [ INFO ] [Main:38] Animal: 2 - Vaca
[2024-05-14 15:27:34] [ INFO ] [Main:38] Animal: 3 - Perro
[2024-05-14 15:27:34] [ INFO ] [Main:38] Animal: 4 - Sapo
[2024-05-14 15:27:34] [ INFO ] [Main:38] Animal: 5 - Loro
[2024-05-16 19:22:17] [ INFO ] [Main:29] Animal: 1 - Perro
[2024-05-16 19:22:17] [ INFO ] [Main:29] Animal: 2 - Vaca
[2024-05-16 19:22:17] [ INFO ] [Main:29] Animal: 3 - Perro
[2024-05-16 19:22:17] [ INFO ] [Main:29] Animal: 4 - Sapo
[2024-05-16 19:22:17] [ INFO ] [Main:29] Animal: 5 - Loro
[2024-05-16 19:22:17] [ INFO ] [Main:38] Animal: 2 - Vaca
[2024-05-16 19:22:17] [ INFO ] [Main:38] Animal: 3 - Perro
[2024-05-16 19:22:17] [ INFO ] [Main:38] Animal: 4 - Sapo
[2024-05-16 19:22:17] [ INFO ] [Main:38] Animal: 5 - Loro
[2024-05-16 19:23:49] [ INFO ] [Main:29] Animal: 1 - Perro
[2024-05-16 19:23:50] [ INFO ] [Main:29] Animal: 2 - Vaca
[2024-05-16 19:23:50] [ INFO ] [Main:29] Animal: 3 - Perro
[2024-05-16 19:23:50] [ INFO ] [Main:29] Animal: 4 - Sapo
[2024-05-16 19:23:50] [ INFO ] [Main:29] Animal: 5 - Loro
[2024-05-16 19:23:50] [ INFO ] [Main:38] Animal: 2 - Vaca
[2024-05-16 19:23:50] [ INFO ] [Main:38] Animal: 3 - Perro
[2024-05-16 19:23:50] [ INFO ] [Main:38] Animal: 4 - Sapo
[2024-05-16 19:23:50] [ INFO ] [Main:38] Animal: 5 - Loro
[2024-05-16 20:50:51] [ INFO ] [OdontologoDaoH2:36] odontologo guardado: com.backend.parcial.entity.Odontologo@24c22fe
[2024-05-16 20:53:42] [ ERROR] [OdontologoDaoH2:39] La base de datos puede que ya esté siendo utilizada: "C:/Users/dayit/odontologos.mv.db". Soluciones Posibles: cierre todas las otras conexiones; use el modo server
Database may be already in use: "C:/Users/dayit/odontologos.mv.db". Possible solutions: close all other connection(s); use the server mode [90020-224]
[2024-05-16 20:53:42] [ ERROR] [OdontologoDaoH2:56] No se pudo cerrar la conexion: Cannot invoke "java.sql.Connection.close()" because "connection" is null
[2024-05-16 20:54:38] [ ERROR] [OdontologoDaoH2:39] La base de datos puede que ya esté siendo utilizada: "C:/Users/dayit/odontologos.mv.db". Soluciones Posibles: cierre todas las otras conexiones; use el modo server
Database may be already in use: "C:/Users/dayit/odontologos.mv.db". Possible solutions: close all other connection(s); use the server mode [90020-224]
[2024-05-16 20:54:38] [ ERROR] [OdontologoDaoH2:56] No se pudo cerrar la conexion: Cannot invoke "java.sql.Connection.close()" because "connection" is null
[2024-05-16 20:54:58] [ ERROR] [OdontologoDaoH2:39] La base de datos puede que ya esté siendo utilizada: "C:/Users/dayit/odontologos.mv.db". Soluciones Posibles: cierre todas las otras conexiones; use el modo server
Database may be already in use: "C:/Users/dayit/odontologos.mv.db". Possible solutions: close all other connection(s); use the server mode [90020-224]
[2024-05-16 20:54:58] [ ERROR] [OdontologoDaoH2:56] No se pudo cerrar la conexion: Cannot invoke "java.sql.Connection.close()" because "connection" is null
[2024-05-16 20:55:23] [ ERROR] [OdontologoDaoH2:39] La base de datos puede que ya esté siendo utilizada: "C:/Users/dayit/odontologos.mv.db". Soluciones Posibles: cierre todas las otras conexiones; use el modo server
Database may be already in use: "C:/Users/dayit/odontologos.mv.db". Possible solutions: close all other connection(s); use the server mode [90020-224]
[2024-05-16 20:55:23] [ ERROR] [OdontologoDaoH2:56] No se pudo cerrar la conexion: Cannot invoke "java.sql.Connection.close()" because "connection" is null
[2024-05-16 20:56:53] [ ERROR] [OdontologoDaoH2:39] La base de datos puede que ya esté siendo utilizada: "C:/Users/dayit/odontologos.mv.db". Soluciones Posibles: cierre todas las otras conexiones; use el modo server
Database may be already in use: "C:/Users/dayit/odontologos.mv.db". Possible solutions: close all other connection(s); use the server mode [90020-224]
[2024-05-16 20:56:53] [ ERROR] [OdontologoDaoH2:56] No se pudo cerrar la conexion: Cannot invoke "java.sql.Connection.close()" because "connection" is null
[2024-05-16 21:00:28] [ ERROR] [OdontologoDaoH2:39] La base de datos puede que ya esté siendo utilizada: "C:/Users/dayit/odontologos.mv.db". Soluciones Posibles: cierre todas las otras conexiones; use el modo server
Database may be already in use: "C:/Users/dayit/odontologos.mv.db". Possible solutions: close all other connection(s); use the server mode [90020-224]
[2024-05-16 21:00:28] [ ERROR] [OdontologoDaoH2:56] No se pudo cerrar la conexion: Cannot invoke "java.sql.Connection.close()" because "connection" is null
[2024-05-16 21:01:33] [ ERROR] [OdontologoDaoH2:39] Conexión rota: "java.net.UnknownHostException: Host desconocido (~): ~"
Connection is broken: "java.net.UnknownHostException: Host desconocido (~): ~" [90067-224]
[2024-05-16 21:01:33] [ ERROR] [OdontologoDaoH2:56] No se pudo cerrar la conexion: Cannot invoke "java.sql.Connection.close()" because "connection" is null
[2024-05-16 21:01:55] [ ERROR] [OdontologoDaoH2:39] Conexión rota: "java.net.UnknownHostException: Host desconocido (~): ~"
Connection is broken: "java.net.UnknownHostException: Host desconocido (~): ~" [90067-224]
[2024-05-16 21:01:55] [ ERROR] [OdontologoDaoH2:56] No se pudo cerrar la conexion: Cannot invoke "java.sql.Connection.close()" because "connection" is null
[2024-05-16 21:02:29] [ ERROR] [OdontologoDaoH2:39] Conexión rota: "java.net.UnknownHostException: Host desconocido (~): ~"
Connection is broken: "java.net.UnknownHostException: Host desconocido (~): ~" [90067-224]
[2024-05-16 21:02:29] [ ERROR] [OdontologoDaoH2:56] No se pudo cerrar la conexion: Cannot invoke "java.sql.Connection.close()" because "connection" is null
[2024-05-16 21:06:24] [ ERROR] [OdontologoDaoH2:39] La base de datos puede que ya esté siendo utilizada: "C:/Users/dayit/odontologos.mv.db". Soluciones Posibles: cierre todas las otras conexiones; use el modo server
Database may be already in use: "C:/Users/dayit/odontologos.mv.db". Possible solutions: close all other connection(s); use the server mode [90020-224]
[2024-05-16 21:06:24] [ ERROR] [OdontologoDaoH2:56] No se pudo cerrar la conexion: Cannot invoke "java.sql.Connection.close()" because "connection" is null
[2024-05-16 21:06:36] [ ERROR] [OdontologoDaoH2:39] A file path that is implicitly relative to the current working directory is not allowed in the database URL "jdbc:h2:odontologos;DB_CLOSE_DELAY=-1". Use an absolute path, ~/name, ./name, or the baseDir setting instead. [90011-224]
[2024-05-16 21:06:36] [ ERROR] [OdontologoDaoH2:56] No se pudo cerrar la conexion: Cannot invoke "java.sql.Connection.close()" because "connection" is null
[2024-05-16 21:07:03] [ ERROR] [OdontologoDaoH2:39] Table "ODONTOLOGOS" not found (this database is empty); SQL statement:
INSERT INTO Odontologos(NUMERODEMATRICULA, NOMBRE, APELLIDO) VALUES(?, ?, ?) [42104-224]
[2024-05-16 21:07:03] [ ERROR] [OdontologoDaoH2:45] Tuvimos un problema. Table "ODONTOLOGOS" not found (this database is empty); SQL statement:
INSERT INTO Odontologos(NUMERODEMATRICULA, NOMBRE, APELLIDO) VALUES(?, ?, ?) [42104-224]
[2024-05-16 21:07:50] [ ERROR] [OdontologoDaoH2:39] Table "ODONTOLOGOS" not found (this database is empty); SQL statement:
INSERT INTO Odontologos(NUMERODEMATRICULA, NOMBRE, APELLIDO) VALUES(?, ?, ?) [42104-224]
[2024-05-16 21:07:50] [ ERROR] [OdontologoDaoH2:45] Tuvimos un problema. Table "ODONTOLOGOS" not found (this database is empty); SQL statement:
INSERT INTO Odontologos(NUMERODEMATRICULA, NOMBRE, APELLIDO) VALUES(?, ?, ?) [42104-224]
[2024-05-16 21:08:12] [ ERROR] [OdontologoDaoH2:39] Table "ODONTOLOGOS" not found (this database is empty); SQL statement:
INSERT INTO Odontologos(NUMERODEMATRICULA, NOMBRE, APELLIDO) VALUES(?, ?, ?) [42104-224]
[2024-05-16 21:08:12] [ ERROR] [OdontologoDaoH2:45] Tuvimos un problema. Table "ODONTOLOGOS" not found (this database is empty); SQL statement:
INSERT INTO Odontologos(NUMERODEMATRICULA, NOMBRE, APELLIDO) VALUES(?, ?, ?) [42104-224]
[2024-05-16 21:08:42] [ ERROR] [OdontologoDaoH2:39] Table "ODONTOLOGOS" not found (this database is empty); SQL statement:
INSERT INTO Odontologos(NUMERODEMATRICULA, NOMBRE, APELLIDO) VALUES(?, ?, ?) [42104-224]
[2024-05-16 21:08:42] [ ERROR] [OdontologoDaoH2:45] Tuvimos un problema. Table "ODONTOLOGOS" not found (this database is empty); SQL statement:
INSERT INTO Odontologos(NUMERODEMATRICULA, NOMBRE, APELLIDO) VALUES(?, ?, ?) [42104-224]
[2024-05-16 21:08:58] [ ERROR] [OdontologoDaoH2:39] Table "ODONTOLOGOS" not found (this database is empty); SQL statement:
INSERT INTO Odontologos(NUMERODEMATRICULA, NOMBRE, APELLIDO) VALUES(?, ?, ?) [42104-224]
[2024-05-16 21:08:58] [ ERROR] [OdontologoDaoH2:45] Tuvimos un problema. Table "ODONTOLOGOS" not found (this database is empty); SQL statement:
INSERT INTO Odontologos(NUMERODEMATRICULA, NOMBRE, APELLIDO) VALUES(?, ?, ?) [42104-224]
[2024-05-16 21:10:14] [ ERROR] [OdontologoDaoH2:39] La base de datos puede que ya esté siendo utilizada: "C:/Users/dayit/odontologos.mv.db". Soluciones Posibles: cierre todas las otras conexiones; use el modo server
Database may be already in use: "C:/Users/dayit/odontologos.mv.db". Possible solutions: close all other connection(s); use the server mode [90020-224]
[2024-05-16 21:10:14] [ ERROR] [OdontologoDaoH2:56] No se pudo cerrar la conexion: Cannot invoke "java.sql.Connection.close()" because "connection" is null
[2024-05-16 21:10:40] [ ERROR] [OdontologoDaoH2:39] La base de datos puede que ya esté siendo utilizada: "C:/Users/dayit/odontologos.mv.db". Soluciones Posibles: cierre todas las otras conexiones; use el modo server
Database may be already in use: "C:/Users/dayit/odontologos.mv.db". Possible solutions: close all other connection(s); use the server mode [90020-224]
[2024-05-16 21:10:40] [ ERROR] [OdontologoDaoH2:56] No se pudo cerrar la conexion: Cannot invoke "java.sql.Connection.close()" because "connection" is null
[2024-05-16 21:11:29] [ ERROR] [OdontologoDaoH2:39] Table "ODONTOLOGOS" not found (this database is empty); SQL statement:
INSERT INTO Odontologos(NUMERODEMATRICULA, NOMBRE, APELLIDO) VALUES(?, ?, ?) [42104-224]
[2024-05-16 21:11:29] [ ERROR] [OdontologoDaoH2:45] Tuvimos un problema. Table "ODONTOLOGOS" not found (this database is empty); SQL statement:
INSERT INTO Odontologos(NUMERODEMATRICULA, NOMBRE, APELLIDO) VALUES(?, ?, ?) [42104-224]
[2024-05-16 21:11:57] [ ERROR] [OdontologoDaoH2:39] Table "ODONTOLOGOS" not found (this database is empty); SQL statement:
INSERT INTO Odontologos(NUMERODEMATRICULA, NOMBRE, APELLIDO) VALUES(?, ?, ?) [42104-224]
[2024-05-16 21:11:57] [ ERROR] [OdontologoDaoH2:45] Tuvimos un problema. Table "ODONTOLOGOS" not found (this database is empty); SQL statement:
INSERT INTO Odontologos(NUMERODEMATRICULA, NOMBRE, APELLIDO) VALUES(?, ?, ?) [42104-224]
[2024-05-16 21:12:44] [ ERROR] [OdontologoDaoH2:39] La base de datos puede que ya esté siendo utilizada: "C:/Users/dayit/odontologos.mv.db". Soluciones Posibles: cierre todas las otras conexiones; use el modo server
Database may be already in use: "C:/Users/dayit/odontologos.mv.db". Possible solutions: close all other connection(s); use the server mode [90020-224]
[2024-05-16 21:12:44] [ ERROR] [OdontologoDaoH2:56] No se pudo cerrar la conexion: Cannot invoke "java.sql.Connection.close()" because "connection" is null
[2024-05-16 21:13:29] [ ERROR] [OdontologoDaoH2:39] Table "ODONTOLOGOS" not found (this database is empty); SQL statement:
INSERT INTO Odontologos(NUMERODEMATRICULA, NOMBRE, APELLIDO) VALUES(?, ?, ?) [42104-224]
[2024-05-16 21:13:29] [ ERROR] [OdontologoDaoH2:45] Tuvimos un problema. Table "ODONTOLOGOS" not found (this database is empty); SQL statement:
INSERT INTO Odontologos(NUMERODEMATRICULA, NOMBRE, APELLIDO) VALUES(?, ?, ?) [42104-224]
[2024-05-16 21:13:53] [ ERROR] [OdontologoDaoH2:39] Table "ODONTOLOGOS" not found (this database is empty); SQL statement:
INSERT INTO Odontologos(NUMERODEMATRICULA, NOMBRE, APELLIDO) VALUES(?, ?, ?) [42104-224]
[2024-05-16 21:13:53] [ ERROR] [OdontologoDaoH2:45] Tuvimos un problema. Table "ODONTOLOGOS" not found (this database is empty); SQL statement:
INSERT INTO Odontologos(NUMERODEMATRICULA, NOMBRE, APELLIDO) VALUES(?, ?, ?) [42104-224]
[2024-05-16 21:14:23] [ INFO ] [OdontologoDaoH2:36] odontologo guardado: 
Id: 3 - NumeroDeMatricula: 1500 - Nombre: Mike - Apellido: Bayer
[2024-05-16 21:19:46] [ INFO ] [OdontologoDaoH2:92] Listado de odontologos obtenido: [
Id: 1 - NumeroDeMatricula: 222 - Nombre: Carlos - Apellido: Lopez, 
Id: 2 - NumeroDeMatricula: 223 - Nombre: Luis - Apellido: Roma, 
Id: 3 - NumeroDeMatricula: 1500 - Nombre: Mike - Apellido: Bayer]
[2024-05-16 21:34:20] [ INFO ] [OdontologoDaoMemory:30] Listado de odontologos obtenido: [
Id: 8 - NumeroDeMatricula: 2558 - Nombre: Jan - Apellido: Perez, 
Id: 9 - NumeroDeMatricula: 255 - Nombre: Andrea - Apellido: Parra]
